2023-03-12 14:17:42.429 INFO  c.h.helloWord.HelloWordApplication - Starting HelloWordApplication using Java 18.0.2.1 with PID 5724 (C:\Users\TRA0004\IdeaProjects\creating-API\helloWord\target\classes started by Wasan in C:\Users\TRA0004\IdeaProjects\creating-API\helloWord)
2023-03-12 14:17:42.447 INFO  c.h.helloWord.HelloWordApplication - No active profile set, falling back to 1 default profile: "default"
2023-03-12 14:17:45.410 INFO  o.s.b.w.e.tomcat.TomcatWebServer - Tomcat initialized with port(s): 8000 (http)
2023-03-12 14:17:45.457 INFO  o.a.coyote.http11.Http11NioProtocol - Initializing ProtocolHandler ["http-nio-8000"]
2023-03-12 14:17:45.461 INFO  o.a.catalina.core.StandardService - Starting service [Tomcat]
2023-03-12 14:17:45.462 INFO  o.a.catalina.core.StandardEngine - Starting Servlet engine: [Apache Tomcat/10.1.5]
2023-03-12 14:17:45.804 INFO  o.a.c.c.C.[Tomcat].[localhost].[/] - Initializing Spring embedded WebApplicationContext
2023-03-12 14:17:45.806 INFO  o.s.b.w.s.c.ServletWebServerApplicationContext - Root WebApplicationContext: initialization completed in 3233 ms
2023-03-12 14:17:48.718 INFO  o.a.coyote.http11.Http11NioProtocol - Starting ProtocolHandler ["http-nio-8000"]
2023-03-12 14:17:48.775 INFO  o.s.b.w.e.tomcat.TomcatWebServer - Tomcat started on port(s): 8000 (http) with context path ''
2023-03-12 14:17:48.793 INFO  c.h.helloWord.HelloWordApplication - Started HelloWordApplication in 7.205 seconds (process running for 8.728)
2023-03-12 14:18:26.652 INFO  c.h.helloWord.HelloWordApplication - Starting HelloWordApplication using Java 18.0.2.1 with PID 16152 (C:\Users\TRA0004\IdeaProjects\creating-API\helloWord\target\classes started by Wasan in C:\Users\TRA0004\IdeaProjects\creating-API\helloWord)
2023-03-12 14:18:26.655 INFO  c.h.helloWord.HelloWordApplication - No active profile set, falling back to 1 default profile: "default"
2023-03-12 14:18:27.928 INFO  o.s.b.w.e.tomcat.TomcatWebServer - Tomcat initialized with port(s): 8000 (http)
2023-03-12 14:18:27.936 INFO  o.a.coyote.http11.Http11NioProtocol - Initializing ProtocolHandler ["http-nio-8000"]
2023-03-12 14:18:27.937 INFO  o.a.catalina.core.StandardService - Starting service [Tomcat]
2023-03-12 14:18:27.937 INFO  o.a.catalina.core.StandardEngine - Starting Servlet engine: [Apache Tomcat/10.1.5]
2023-03-12 14:18:28.019 INFO  o.a.c.c.C.[Tomcat].[localhost].[/] - Initializing Spring embedded WebApplicationContext
2023-03-12 14:18:28.019 INFO  o.s.b.w.s.c.ServletWebServerApplicationContext - Root WebApplicationContext: initialization completed in 1280 ms
2023-03-12 14:18:28.956 WARN  o.s.b.a.s.s.UserDetailsServiceAutoConfiguration - 

Using generated security password: 1279ee63-14c9-4033-967e-9ced97c3de0c

This generated password is for development use only. Your security configuration must be updated before running your application in production.

2023-03-12 14:18:29.054 INFO  o.s.s.web.DefaultSecurityFilterChain - Will secure any request with [org.springframework.security.web.session.DisableEncodeUrlFilter@7c11d32, org.springframework.security.web.context.request.async.WebAsyncManagerIntegrationFilter@2f9dda71, org.springframework.security.web.context.SecurityContextHolderFilter@433ea2ac, org.springframework.security.web.header.HeaderWriterFilter@1e545821, org.springframework.security.web.csrf.CsrfFilter@54c425b1, org.springframework.security.web.authentication.logout.LogoutFilter@1142d377, org.springframework.security.web.authentication.UsernamePasswordAuthenticationFilter@48cb2d73, org.springframework.security.web.authentication.ui.DefaultLoginPageGeneratingFilter@67f9cb52, org.springframework.security.web.authentication.ui.DefaultLogoutPageGeneratingFilter@58278366, org.springframework.security.web.authentication.www.BasicAuthenticationFilter@4fecf308, org.springframework.security.web.savedrequest.RequestCacheAwareFilter@446e7065, org.springframework.security.web.servletapi.SecurityContextHolderAwareRequestFilter@480cbe2e, org.springframework.security.web.authentication.AnonymousAuthenticationFilter@7f5fcfe9, org.springframework.security.web.access.ExceptionTranslationFilter@54c60202, org.springframework.security.web.access.intercept.AuthorizationFilter@5fffb692]
2023-03-12 14:18:29.079 INFO  o.a.coyote.http11.Http11NioProtocol - Starting ProtocolHandler ["http-nio-8000"]
2023-03-12 14:18:29.109 INFO  o.s.b.w.e.tomcat.TomcatWebServer - Tomcat started on port(s): 8000 (http) with context path ''
2023-03-12 14:18:29.123 INFO  c.h.helloWord.HelloWordApplication - Started HelloWordApplication in 3.03 seconds (process running for 3.98)
2023-03-12 14:19:07.511 INFO  o.a.c.c.C.[Tomcat].[localhost].[/] - Initializing Spring DispatcherServlet 'dispatcherServlet'
2023-03-12 14:19:07.512 INFO  o.s.web.servlet.DispatcherServlet - Initializing Servlet 'dispatcherServlet'
2023-03-12 14:19:07.516 INFO  o.s.web.servlet.DispatcherServlet - Completed initialization in 3 ms
